0 info it worked if it ends with ok
1 verbose cli [ '/usr/local/bin/node', '/usr/local/bin/npm', 'run', 'test:all' ]
2 info using npm@3.10.10
3 info using node@v6.11.3
4 verbose run-script [ 'pretest:all', 'test:all', 'posttest:all' ]
5 info lifecycle transmute-framework@0.1.43~pretest:all: transmute-framework@0.1.43
6 silly lifecycle transmute-framework@0.1.43~pretest:all: no script for pretest:all, continuing
7 info lifecycle transmute-framework@0.1.43~test:all: transmute-framework@0.1.43
8 verbose lifecycle transmute-framework@0.1.43~test:all: unsafe-perm in lifecycle true
9 verbose lifecycle transmute-framework@0.1.43~test:all: PATH: /usr/local/lib/node_modules/npm/bin/node-gyp-bin:/Users/ericolszewski/Developer/Transmute-Industries/projects/transmute-framework/node_modules/.bin:/Users/ericolszewski/Downloads/google-cloud-sdk/bin:/Users/ericolszewski/.rvm/gems/ruby-2.2.1/bin:/Users/ericolszewski/.rvm/gems/ruby-2.2.1@global/bin:/Users/ericolszewski/.rvm/rubies/ruby-2.2.1/bin:/usr/local/bin:/usr/bin:/bin:/usr/sbin:/sbin:/Library/Frameworks/Mono.framework/Versions/Current/Commands:/Users/ericolszewski/.rvm/bin:
10 verbose lifecycle transmute-framework@0.1.43~test:all: CWD: /Users/ericolszewski/Developer/Transmute-Industries/projects/transmute-framework
11 silly lifecycle transmute-framework@0.1.43~test:all: Args: [ '-c',
11 silly lifecycle   'npm run clean && npm run truffle-test && npm run test ' ]
12 silly lifecycle transmute-framework@0.1.43~test:all: Returned: code: 1  signal: null
13 info lifecycle transmute-framework@0.1.43~test:all: Failed to exec test:all script
14 verbose stack Error: transmute-framework@0.1.43 test:all: `npm run clean && npm run truffle-test && npm run test `
14 verbose stack Exit status 1
14 verbose stack     at EventEmitter.<anonymous> (/usr/local/lib/node_modules/npm/lib/utils/lifecycle.js:255:16)
14 verbose stack     at emitTwo (events.js:106:13)
14 verbose stack     at EventEmitter.emit (events.js:191:7)
14 verbose stack     at ChildProcess.<anonymous> (/usr/local/lib/node_modules/npm/lib/utils/spawn.js:40:14)
14 verbose stack     at emitTwo (events.js:106:13)
14 verbose stack     at ChildProcess.emit (events.js:191:7)
14 verbose stack     at maybeClose (internal/child_process.js:920:16)
14 verbose stack     at Process.ChildProcess._handle.onexit (internal/child_process.js:230:5)
15 verbose pkgid transmute-framework@0.1.43
16 verbose cwd /Users/ericolszewski/Developer/Transmute-Industries/projects/transmute-framework
17 error Darwin 15.4.0
18 error argv "/usr/local/bin/node" "/usr/local/bin/npm" "run" "test:all"
19 error node v6.11.3
20 error npm  v3.10.10
21 error code ELIFECYCLE
22 error transmute-framework@0.1.43 test:all: `npm run clean && npm run truffle-test && npm run test `
22 error Exit status 1
23 error Failed at the transmute-framework@0.1.43 test:all script 'npm run clean && npm run truffle-test && npm run test '.
23 error Make sure you have the latest version of node.js and npm installed.
23 error If you do, this is most likely a problem with the transmute-framework package,
23 error not with npm itself.
23 error Tell the author that this fails on your system:
23 error     npm run clean && npm run truffle-test && npm run test
23 error You can get information on how to open an issue for this project with:
23 error     npm bugs transmute-framework
23 error Or if that isn't available, you can get their info via:
23 error     npm owner ls transmute-framework
23 error There is likely additional logging output above.
24 verbose exit [ 1, true ]
